Determining if the pthread_create exist failed with the following output:
Change Dir: /home/zeel/differential_robot_action_server/catkin_ws/build/ddrive_robot/CMakeFiles/CMakeTmp

Run Build Command:"/usr/bin/make" "cmTC_28f20/fast"
/usr/bin/make -f CMakeFiles/cmTC_28f20.dir/build.make CMakeFiles/cmTC_28f20.dir/build
make[1]: Entering directory '/home/zeel/differential_robot_action_server/catkin_ws/build/ddrive_robot/CMakeFiles/CMakeTmp'
Building C object CMakeFiles/cmTC_28f20.dir/CheckSymbolExists.c.o
/usr/bin/cc    -o CMakeFiles/cmTC_28f20.dir/CheckSymbolExists.c.o   -c /home/zeel/differential_robot_action_server/catkin_ws/build/ddrive_robot/CMakeFiles/CMakeTmp/CheckSymbolExists.c
Linking C executable cmTC_28f20
/usr/bin/cmake -E cmake_link_script CMakeFiles/cmTC_28f20.dir/link.txt --verbose=1
/usr/bin/cc      -rdynamic CMakeFiles/cmTC_28f20.dir/CheckSymbolExists.c.o  -o cmTC_28f20 
CMakeFiles/cmTC_28f20.dir/CheckSymbolExists.c.o: In function `main':
CheckSymbolExists.c:(.text+0x1b): undefined reference to `pthread_create'
collect2: error: ld returned 1 exit status
CMakeFiles/cmTC_28f20.dir/build.make:97: recipe for target 'cmTC_28f20' failed
make[1]: *** [cmTC_28f20] Error 1
make[1]: Leaving directory '/home/zeel/differential_robot_action_server/catkin_ws/build/ddrive_robot/CMakeFiles/CMakeTmp'
Makefile:126: recipe for target 'cmTC_28f20/fast' failed
make: *** [cmTC_28f20/fast] Error 2

File /home/zeel/differential_robot_action_server/catkin_ws/build/ddrive_robot/CMakeFiles/CMakeTmp/CheckSymbolExists.c:
/* */
#include <pthread.h>

int main(int argc, char** argv)
{
  (void)argv;
#ifndef pthread_create
  return ((int*)(&pthread_create))[argc];
#else
  (void)argc;
  return 0;
#endif
}

Determining if the function pthread_create exists in the pthreads failed with the following output:
Change Dir: /home/zeel/differential_robot_action_server/catkin_ws/build/ddrive_robot/CMakeFiles/CMakeTmp

Run Build Command:"/usr/bin/make" "cmTC_022d0/fast"
/usr/bin/make -f CMakeFiles/cmTC_022d0.dir/build.make CMakeFiles/cmTC_022d0.dir/build
make[1]: Entering directory '/home/zeel/differential_robot_action_server/catkin_ws/build/ddrive_robot/CMakeFiles/CMakeTmp'
Building C object CMakeFiles/cmTC_022d0.dir/CheckFunctionExists.c.o
/usr/bin/cc   -DCHECK_FUNCTION_EXISTS=pthread_create   -o CMakeFiles/cmTC_022d0.dir/CheckFunctionExists.c.o   -c /usr/share/cmake-3.10/Modules/CheckFunctionExists.c
Linking C executable cmTC_022d0
/usr/bin/cmake -E cmake_link_script CMakeFiles/cmTC_022d0.dir/link.txt --verbose=1
/usr/bin/cc  -DCHECK_FUNCTION_EXISTS=pthread_create    -rdynamic CMakeFiles/cmTC_022d0.dir/CheckFunctionExists.c.o  -o cmTC_022d0 -lpthreads 
/usr/bin/ld: cannot find -lpthreads
collect2: error: ld returned 1 exit status
CMakeFiles/cmTC_022d0.dir/build.make:97: recipe for target 'cmTC_022d0' failed
make[1]: *** [cmTC_022d0] Error 1
make[1]: Leaving directory '/home/zeel/differential_robot_action_server/catkin_ws/build/ddrive_robot/CMakeFiles/CMakeTmp'
Makefile:126: recipe for target 'cmTC_022d0/fast' failed
make: *** [cmTC_022d0/fast] Error 2


