[35m[1mScanning dependencies of target _ddrive_robot_generate_messages_check_deps_ReachTheGoalActionGoal[0m
[35m[1mScanning dependencies of target _ddrive_robot_generate_messages_check_deps_ReachTheGoalGoal[0m
[35m[1mScanning dependencies of target actionlib_msgs_generate_messages_eus[0m
[35m[1mScanning dependencies of target std_msgs_generate_messages_eus[0m
[  0%] Built target std_msgs_generate_messages_eus
[  0%] Built target actionlib_msgs_generate_messages_eus
[35m[1mScanning dependencies of target _ddrive_robot_generate_messages_check_deps_ReachTheGoalAction[0m
[35m[1mScanning dependencies of target _ddrive_robot_generate_messages_check_deps_ReachTheGoalResult[0m
[  0%] Built target _ddrive_robot_generate_messages_check_deps_ReachTheGoalGoal
[  0%] Built target _ddrive_robot_generate_messages_check_deps_ReachTheGoalActionGoal
[35m[1mScanning dependencies of target geometry_msgs_generate_messages_eus[0m
[35m[1mScanning dependencies of target _ddrive_robot_generate_messages_check_deps_ReachTheGoalActionFeedback[0m
[  0%] Built target _ddrive_robot_generate_messages_check_deps_ReachTheGoalAction
[  0%] Built target geometry_msgs_generate_messages_eus
[  0%] Built target _ddrive_robot_generate_messages_check_deps_ReachTheGoalResult
[35m[1mScanning dependencies of target _ddrive_robot_generate_messages_check_deps_ReachTheGoalActionResult[0m
[35m[1mScanning dependencies of target _ddrive_robot_generate_messages_check_deps_ReachTheGoalFeedback[0m
[35m[1mScanning dependencies of target std_msgs_generate_messages_py[0m
[  0%] Built target _ddrive_robot_generate_messages_check_deps_ReachTheGoalActionFeedback
[  0%] Built target std_msgs_generate_messages_py
[35m[1mScanning dependencies of target actionlib_msgs_generate_messages_py[0m
[35m[1mScanning dependencies of target geometry_msgs_generate_messages_py[0m
[  0%] Built target _ddrive_robot_generate_messages_check_deps_ReachTheGoalActionResult
[  0%] Built target _ddrive_robot_generate_messages_check_deps_ReachTheGoalFeedback
[  0%] Built target actionlib_msgs_generate_messages_py
[  0%] Built target geometry_msgs_generate_messages_py
[35m[1mScanning dependencies of target std_msgs_generate_messages_nodejs[0m
[35m[1mScanning dependencies of target actionlib_msgs_generate_messages_nodejs[0m
[35m[1mScanning dependencies of target geometry_msgs_generate_messages_nodejs[0m
[  0%] Built target std_msgs_generate_messages_nodejs
[35m[1mScanning dependencies of target std_msgs_generate_messages_lisp[0m
[  0%] Built target actionlib_msgs_generate_messages_nodejs
[  0%] Built target geometry_msgs_generate_messages_nodejs
[35m[1mScanning dependencies of target actionlib_msgs_generate_messages_lisp[0m
[  0%] Built target std_msgs_generate_messages_lisp
[35m[1mScanning dependencies of target geometry_msgs_generate_messages_lisp[0m
[35m[1mScanning dependencies of target actionlib_msgs_generate_messages_cpp[0m
[  0%] Built target actionlib_msgs_generate_messages_lisp
[35m[1mScanning dependencies of target std_msgs_generate_messages_cpp[0m
[  0%] Built target geometry_msgs_generate_messages_lisp
[  0%] Built target actionlib_msgs_generate_messages_cpp
[35m[1mScanning dependencies of target geometry_msgs_generate_messages_cpp[0m
[35m[1mScanning dependencies of target ddrive_robot_generate_messages_eus[0m
[  0%] Built target std_msgs_generate_messages_cpp
[  0%] Built target geometry_msgs_generate_messages_cpp
[35m[1mScanning dependencies of target ddrive_robot_generate_messages_py[0m
[  2%] [34m[1mGenerating EusLisp code from ddrive_robot/ReachTheGoalActionResult.msg[0m
[35m[1mScanning dependencies of target ddrive_robot_generate_messages_nodejs[0m
[  5%] [34m[1mGenerating Python from MSG ddrive_robot/ReachTheGoalActionResult[0m
[  8%] [34m[1mGenerating EusLisp code from ddrive_robot/ReachTheGoalGoal.msg[0m
[ 10%] [34m[1mGenerating Javascript code from ddrive_robot/ReachTheGoalActionResult.msg[0m
[ 13%] [34m[1mGenerating Javascript code from ddrive_robot/ReachTheGoalGoal.msg[0m
[ 16%] [34m[1mGenerating Javascript code from ddrive_robot/ReachTheGoalResult.msg[0m
[ 18%] [34m[1mGenerating Python from MSG ddrive_robot/ReachTheGoalGoal[0m
[ 21%] [34m[1mGenerating Javascript code from ddrive_robot/ReachTheGoalFeedback.msg[0m
[ 24%] [34m[1mGenerating Javascript code from ddrive_robot/ReachTheGoalAction.msg[0m
[ 29%] [34m[1mGenerating Python from MSG ddrive_robot/ReachTheGoalFeedback[0m
[ 29%] [34m[1mGenerating Python from MSG ddrive_robot/ReachTheGoalResult[0m
[ 32%] [34m[1mGenerating EusLisp code from ddrive_robot/ReachTheGoalResult.msg[0m
[ 35%] [34m[1mGenerating Javascript code from ddrive_robot/ReachTheGoalActionFeedback.msg[0m
[ 37%] [34m[1mGenerating Javascript code from ddrive_robot/ReachTheGoalActionGoal.msg[0m
[ 40%] [34m[1mGenerating EusLisp code from ddrive_robot/ReachTheGoalFeedback.msg[0m
[ 43%] [34m[1mGenerating Python from MSG ddrive_robot/ReachTheGoalAction[0m
[35m[1mScanning dependencies of target ddrive_robot_generate_messages_lisp[0m
[ 43%] Built target ddrive_robot_generate_messages_nodejs
[ 45%] [34m[1mGenerating Lisp code from ddrive_robot/ReachTheGoalActionResult.msg[0m
[ 48%] [34m[1mGenerating Python from MSG ddrive_robot/ReachTheGoalActionFeedback[0m
[ 51%] [34m[1mGenerating EusLisp code from ddrive_robot/ReachTheGoalAction.msg[0m
[ 54%] [34m[1mGenerating Lisp code from ddrive_robot/ReachTheGoalGoal.msg[0m
[ 56%] [34m[1mGenerating Lisp code from ddrive_robot/ReachTheGoalResult.msg[0m
[ 59%] [34m[1mGenerating Lisp code from ddrive_robot/ReachTheGoalFeedback.msg[0m
[ 62%] [34m[1mGenerating EusLisp code from ddrive_robot/ReachTheGoalActionFeedback.msg[0m
[ 64%] [34m[1mGenerating Python from MSG ddrive_robot/ReachTheGoalActionGoal[0m
[ 67%] [34m[1mGenerating EusLisp code from ddrive_robot/ReachTheGoalActionGoal.msg[0m
[ 70%] [34m[1mGenerating Lisp code from ddrive_robot/ReachTheGoalAction.msg[0m
[ 72%] [34m[1mGenerating Lisp code from ddrive_robot/ReachTheGoalActionFeedback.msg[0m
[ 75%] [34m[1mGenerating Lisp code from ddrive_robot/ReachTheGoalActionGoal.msg[0m
[ 78%] [34m[1mGenerating EusLisp manifest code for ddrive_robot[0m
[35m[1mScanning dependencies of target ddrive_robot_generate_messages_cpp[0m
[ 81%] [34m[1mGenerating Python msg __init__.py for ddrive_robot[0m
[ 81%] Built target ddrive_robot_generate_messages_lisp
[ 83%] [34m[1mGenerating C++ code from ddrive_robot/ReachTheGoalActionResult.msg[0m
[ 86%] [34m[1mGenerating C++ code from ddrive_robot/ReachTheGoalGoal.msg[0m
[ 86%] Built target ddrive_robot_generate_messages_py
[ 89%] [34m[1mGenerating C++ code from ddrive_robot/ReachTheGoalResult.msg[0m
[ 91%] [34m[1mGenerating C++ code from ddrive_robot/ReachTheGoalFeedback.msg[0m
[ 94%] [34m[1mGenerating C++ code from ddrive_robot/ReachTheGoalActionFeedback.msg[0m
[ 97%] [34m[1mGenerating C++ code from ddrive_robot/ReachTheGoalAction.msg[0m
[100%] [34m[1mGenerating C++ code from ddrive_robot/ReachTheGoalActionGoal.msg[0m
[100%] Built target ddrive_robot_generate_messages_cpp
[100%] Built target ddrive_robot_generate_messages_eus
[35m[1mScanning dependencies of target ddrive_robot_generate_messages[0m
[100%] Built target ddrive_robot_generate_messages
