Symlinking /home/zeel/differential_robot_action_server/catkin_ws/devel/share/ddrive_robot/cmake/ddrive_robotConfig-version.cmake
Symlinking /home/zeel/differential_robot_action_server/catkin_ws/devel/share/ddrive_robot/cmake/ddrive_robot-msg-extras.cmake
Symlinking /home/zeel/differential_robot_action_server/catkin_ws/devel/share/ddrive_robot/cmake/ddrive_robotConfig.cmake
Symlinking /home/zeel/differential_robot_action_server/catkin_ws/devel/share/ddrive_robot/cmake/ddrive_robot-msg-paths.cmake
Symlinking /home/zeel/differential_robot_action_server/catkin_ws/devel/share/ddrive_robot/msg/ReachTheGoalFeedback.msg
Symlinking /home/zeel/differential_robot_action_server/catkin_ws/devel/share/ddrive_robot/msg/ReachTheGoalActionGoal.msg
Symlinking /home/zeel/differential_robot_action_server/catkin_ws/devel/share/ddrive_robot/msg/ReachTheGoalResult.msg
Symlinking /home/zeel/differential_robot_action_server/catkin_ws/devel/share/ddrive_robot/msg/ReachTheGoalActionFeedback.msg
Symlinking /home/zeel/differential_robot_action_server/catkin_ws/devel/share/ddrive_robot/msg/ReachTheGoalGoal.msg
Symlinking /home/zeel/differential_robot_action_server/catkin_ws/devel/share/ddrive_robot/msg/ReachTheGoalAction.msg
Symlinking /home/zeel/differential_robot_action_server/catkin_ws/devel/share/ddrive_robot/msg/ReachTheGoalActionResult.msg
Symlinking /home/zeel/differential_robot_action_server/catkin_ws/devel/share/common-lisp/ros/ddrive_robot/msg/_package.lisp
Symlinking /home/zeel/differential_robot_action_server/catkin_ws/devel/share/common-lisp/ros/ddrive_robot/msg/ReachTheGoalActionResult.lisp
Symlinking /home/zeel/differential_robot_action_server/catkin_ws/devel/share/common-lisp/ros/ddrive_robot/msg/ReachTheGoalAction.lisp
Symlinking /home/zeel/differential_robot_action_server/catkin_ws/devel/share/common-lisp/ros/ddrive_robot/msg/_package_ReachTheGoalResult.lisp
Symlinking /home/zeel/differential_robot_action_server/catkin_ws/devel/share/common-lisp/ros/ddrive_robot/msg/ReachTheGoalFeedback.lisp
Symlinking /home/zeel/differential_robot_action_server/catkin_ws/devel/share/common-lisp/ros/ddrive_robot/msg/_package_ReachTheGoalActionGoal.lisp
Symlinking /home/zeel/differential_robot_action_server/catkin_ws/devel/share/common-lisp/ros/ddrive_robot/msg/ReachTheGoalActionFeedback.lisp
Symlinking /home/zeel/differential_robot_action_server/catkin_ws/devel/share/common-lisp/ros/ddrive_robot/msg/_package_ReachTheGoalGoal.lisp
Symlinking /home/zeel/differential_robot_action_server/catkin_ws/devel/share/common-lisp/ros/ddrive_robot/msg/_package_ReachTheGoalAction.lisp
Symlinking /home/zeel/differential_robot_action_server/catkin_ws/devel/share/common-lisp/ros/ddrive_robot/msg/ReachTheGoalGoal.lisp
Symlinking /home/zeel/differential_robot_action_server/catkin_ws/devel/share/common-lisp/ros/ddrive_robot/msg/ReachTheGoalResult.lisp
Symlinking /home/zeel/differential_robot_action_server/catkin_ws/devel/share/common-lisp/ros/ddrive_robot/msg/ReachTheGoalActionGoal.lisp
Symlinking /home/zeel/differential_robot_action_server/catkin_ws/devel/share/common-lisp/ros/ddrive_robot/msg/_package_ReachTheGoalFeedback.lisp
Symlinking /home/zeel/differential_robot_action_server/catkin_ws/devel/share/common-lisp/ros/ddrive_robot/msg/_package_ReachTheGoalActionResult.lisp
Symlinking /home/zeel/differential_robot_action_server/catkin_ws/devel/share/common-lisp/ros/ddrive_robot/msg/_package_ReachTheGoalActionFeedback.lisp
Symlinking /home/zeel/differential_robot_action_server/catkin_ws/devel/share/common-lisp/ros/ddrive_robot/msg/ddrive_robot-msg.asd
Symlinking /home/zeel/differential_robot_action_server/catkin_ws/devel/share/roseus/ros/ddrive_robot/manifest.l
Symlinking /home/zeel/differential_robot_action_server/catkin_ws/devel/share/roseus/ros/ddrive_robot/msg/ReachTheGoalAction.l
Symlinking /home/zeel/differential_robot_action_server/catkin_ws/devel/share/roseus/ros/ddrive_robot/msg/ReachTheGoalResult.l
Symlinking /home/zeel/differential_robot_action_server/catkin_ws/devel/share/roseus/ros/ddrive_robot/msg/ReachTheGoalGoal.l
Symlinking /home/zeel/differential_robot_action_server/catkin_ws/devel/share/roseus/ros/ddrive_robot/msg/ReachTheGoalFeedback.l
Symlinking /home/zeel/differential_robot_action_server/catkin_ws/devel/share/roseus/ros/ddrive_robot/msg/ReachTheGoalActionGoal.l
Symlinking /home/zeel/differential_robot_action_server/catkin_ws/devel/share/roseus/ros/ddrive_robot/msg/ReachTheGoalActionResult.l
Symlinking /home/zeel/differential_robot_action_server/catkin_ws/devel/share/roseus/ros/ddrive_robot/msg/ReachTheGoalActionFeedback.l
Symlinking /home/zeel/differential_robot_action_server/catkin_ws/devel/share/gennodejs/ros/ddrive_robot/_index.js
Symlinking /home/zeel/differential_robot_action_server/catkin_ws/devel/share/gennodejs/ros/ddrive_robot/msg/ReachTheGoalActionResult.js
Symlinking /home/zeel/differential_robot_action_server/catkin_ws/devel/share/gennodejs/ros/ddrive_robot/msg/ReachTheGoalGoal.js
Symlinking /home/zeel/differential_robot_action_server/catkin_ws/devel/share/gennodejs/ros/ddrive_robot/msg/ReachTheGoalAction.js
Symlinking /home/zeel/differential_robot_action_server/catkin_ws/devel/share/gennodejs/ros/ddrive_robot/msg/ReachTheGoalActionFeedback.js
Symlinking /home/zeel/differential_robot_action_server/catkin_ws/devel/share/gennodejs/ros/ddrive_robot/msg/ReachTheGoalActionGoal.js
Symlinking /home/zeel/differential_robot_action_server/catkin_ws/devel/share/gennodejs/ros/ddrive_robot/msg/_index.js
Symlinking /home/zeel/differential_robot_action_server/catkin_ws/devel/share/gennodejs/ros/ddrive_robot/msg/ReachTheGoalFeedback.js
Symlinking /home/zeel/differential_robot_action_server/catkin_ws/devel/share/gennodejs/ros/ddrive_robot/msg/ReachTheGoalResult.js
Symlinking /home/zeel/differential_robot_action_server/catkin_ws/devel/include/ddrive_robot/ReachTheGoalResult.h
Symlinking /home/zeel/differential_robot_action_server/catkin_ws/devel/include/ddrive_robot/ReachTheGoalFeedback.h
Symlinking /home/zeel/differential_robot_action_server/catkin_ws/devel/include/ddrive_robot/ReachTheGoalActionResult.h
Symlinking /home/zeel/differential_robot_action_server/catkin_ws/devel/include/ddrive_robot/ReachTheGoalGoal.h
Symlinking /home/zeel/differential_robot_action_server/catkin_ws/devel/include/ddrive_robot/ReachTheGoalAction.h
Symlinking /home/zeel/differential_robot_action_server/catkin_ws/devel/include/ddrive_robot/ReachTheGoalActionGoal.h
Symlinking /home/zeel/differential_robot_action_server/catkin_ws/devel/include/ddrive_robot/ReachTheGoalActionFeedback.h
Symlinking /home/zeel/differential_robot_action_server/catkin_ws/devel/lib/pkgconfig/ddrive_robot.pc
Symlinking /home/zeel/differential_robot_action_server/catkin_ws/devel/lib/python2.7/dist-packages/ddrive_robot/__init__.py
Symlinking /home/zeel/differential_robot_action_server/catkin_ws/devel/lib/python2.7/dist-packages/ddrive_robot/msg/_ReachTheGoalResult.py
Symlinking /home/zeel/differential_robot_action_server/catkin_ws/devel/lib/python2.7/dist-packages/ddrive_robot/msg/_ReachTheGoalFeedback.py
Symlinking /home/zeel/differential_robot_action_server/catkin_ws/devel/lib/python2.7/dist-packages/ddrive_robot/msg/_ReachTheGoalGoal.py
Symlinking /home/zeel/differential_robot_action_server/catkin_ws/devel/lib/python2.7/dist-packages/ddrive_robot/msg/__init__.py
Symlinking /home/zeel/differential_robot_action_server/catkin_ws/devel/lib/python2.7/dist-packages/ddrive_robot/msg/_ReachTheGoalAction.py
Symlinking /home/zeel/differential_robot_action_server/catkin_ws/devel/lib/python2.7/dist-packages/ddrive_robot/msg/_ReachTheGoalActionGoal.py
Symlinking /home/zeel/differential_robot_action_server/catkin_ws/devel/lib/python2.7/dist-packages/ddrive_robot/msg/_ReachTheGoalActionFeedback.py
Symlinking /home/zeel/differential_robot_action_server/catkin_ws/devel/lib/python2.7/dist-packages/ddrive_robot/msg/_ReachTheGoalActionResult.py
